<?xml version="1.0" encoding="UTF-8"?>
<testng-results skipped="0" failed="0" ignored="0" total="1" passed="1">
  <reporter-output>
  </reporter-output>
  <suite name="Default suite" duration-ms="12014" started-at="2023-09-25T05:38:15Z" finished-at="2023-09-25T05:38:27Z">
    <groups>
    </groups>
    <test name="Default test" duration-ms="12014" started-at="2023-09-25T05:38:15Z" finished-at="2023-09-25T05:38:27Z">
      <class name="org.sample.SampleClass">
        <test-method status="PASS" signature="beforeClass()[pri:0, instance:org.sample.SampleClass@5bcab519]" name="beforeClass" is-config="true" duration-ms="7018" started-at="2023-09-25T11:08:15Z" finished-at="2023-09-25T11:08:22Z">
          <reporter-output>
          </reporter-output>
        </test-method> <!-- beforeClass -->
        <test-method status="PASS" signature="beforeMethod()[pri:0, instance:org.sample.SampleClass@5bcab519]" name="beforeMethod" is-config="true" duration-ms="3" started-at="2023-09-25T11:08:22Z" finished-at="2023-09-25T11:08:22Z">
          <reporter-output>
          </reporter-output>
        </test-method> <!-- beforeMethod -->
        <test-method status="PASS" signature="test()[pri:0, instance:org.sample.SampleClass@5bcab519]" name="test" duration-ms="4963" started-at="2023-09-25T11:08:22Z" finished-at="2023-09-25T11:08:27Z">
          <reporter-output>
          </reporter-output>
        </test-method> <!-- test -->
        <test-method status="PASS" signature="afterMethod()[pri:0, instance:org.sample.SampleClass@5bcab519]" name="afterMethod" is-config="true" duration-ms="0" started-at="2023-09-25T11:08:27Z" finished-at="2023-09-25T11:08:27Z">
          <reporter-output>
          </reporter-output>
        </test-method> <!-- afterMethod -->
        <test-method status="PASS" signature="afterClass()[pri:0, instance:org.sample.SampleClass@5bcab519]" name="afterClass" is-config="true" duration-ms="2" started-at="2023-09-25T11:08:27Z" finished-at="2023-09-25T11:08:27Z">
          <reporter-output>
          </reporter-output>
        </test-method> <!-- afterClass -->
      </class> <!-- org.sample.SampleClass -->
    </test> <!-- Default test -->
  </suite> <!-- Default suite -->
</testng-results>
