<?xml version="1.0" encoding="UTF-8"?>
<testng-results skipped="0" failed="0" ignored="0" total="1" passed="1">
  <reporter-output>
  </reporter-output>
  <suite name="Default suite" duration-ms="11013" started-at="2023-09-25T10:09:53Z" finished-at="2023-09-25T10:10:04Z">
    <groups>
    </groups>
    <test name="Default test" duration-ms="11013" started-at="2023-09-25T10:09:53Z" finished-at="2023-09-25T10:10:04Z">
      <class name="org.sample.Sample2">
        <test-method status="PASS" signature="beforeClass()[pri:0, instance:org.sample.Sample2@5bcab519]" name="beforeClass" is-config="true" duration-ms="6326" started-at="2023-09-25T15:39:53Z" finished-at="2023-09-25T15:39:59Z">
          <reporter-output>
          </reporter-output>
        </test-method> <!-- beforeClass -->
        <test-method status="PASS" signature="beforeMethod()[pri:0, instance:org.sample.Sample2@5bcab519]" name="beforeMethod" is-config="true" duration-ms="5" started-at="2023-09-25T15:39:59Z" finished-at="2023-09-25T15:39:59Z">
          <reporter-output>
          </reporter-output>
        </test-method> <!-- beforeMethod -->
        <test-method status="PASS" signature="test()[pri:0, instance:org.sample.Sample2@5bcab519]" name="test" duration-ms="3912" started-at="2023-09-25T15:39:59Z" finished-at="2023-09-25T15:40:03Z">
          <reporter-output>
          </reporter-output>
        </test-method> <!-- test -->
        <test-method status="PASS" signature="afterMethod()[pri:0, instance:org.sample.Sample2@5bcab519]" name="afterMethod" is-config="true" duration-ms="1" started-at="2023-09-25T15:40:03Z" finished-at="2023-09-25T15:40:03Z">
          <reporter-output>
          </reporter-output>
        </test-method> <!-- afterMethod -->
        <test-method status="PASS" signature="afterClass()[pri:0, instance:org.sample.Sample2@5bcab519]" name="afterClass" is-config="true" duration-ms="749" started-at="2023-09-25T15:40:03Z" finished-at="2023-09-25T15:40:04Z">
          <reporter-output>
          </reporter-output>
        </test-method> <!-- afterClass -->
      </class> <!-- org.sample.Sample2 -->
    </test> <!-- Default test -->
  </suite> <!-- Default suite -->
</testng-results>
